[0.298s] Invoking command in '/home/abd/rosbot_ws/src/2d_mapping/depth_camera_mapping': PYTHONPATH=/home/abd/rosbot_ws/src/2d_mapping/build/depth_camera_mapping/prefix_override:/usr/lib/python3/dist-packages/colcon_core/task/python/colcon_distutils_commands:/home/abd/rosbot_ws/src/2d_mapping/install/depth_camera_mapping/lib/python3.10/site-packages:${PYTHONPATH} /usr/bin/python3 -W ignore:setup.py install is deprecated -W ignore:easy_install command is deprecated setup.py egg_info --egg-base ../build/depth_camera_mapping build --build-base /home/abd/rosbot_ws/src/2d_mapping/build/depth_camera_mapping/build install --record /home/abd/rosbot_ws/src/2d_mapping/build/depth_camera_mapping/install.log --single-version-externally-managed install_data
[0.410s] running egg_info
[0.410s] creating ../build/depth_camera_mapping/depth_camera_mapping.egg-info
[0.410s] writing ../build/depth_camera_mapping/depth_camera_mapping.egg-info/PKG-INFO
[0.410s] writing dependency_links to ../build/depth_camera_mapping/depth_camera_mapping.egg-info/dependency_links.txt
[0.410s] writing entry points to ../build/depth_camera_mapping/depth_camera_mapping.egg-info/entry_points.txt
[0.410s] writing requirements to ../build/depth_camera_mapping/depth_camera_mapping.egg-info/requires.txt
[0.411s] writing top-level names to ../build/depth_camera_mapping/depth_camera_mapping.egg-info/top_level.txt
[0.411s] writing manifest file '../build/depth_camera_mapping/depth_camera_mapping.egg-info/SOURCES.txt'
[0.411s] reading manifest file '../build/depth_camera_mapping/depth_camera_mapping.egg-info/SOURCES.txt'
[0.412s] writing manifest file '../build/depth_camera_mapping/depth_camera_mapping.egg-info/SOURCES.txt'
[0.412s] running build
[0.412s] running build_py
[0.412s] creating /home/abd/rosbot_ws/src/2d_mapping/build/depth_camera_mapping/build
[0.412s] creating /home/abd/rosbot_ws/src/2d_mapping/build/depth_camera_mapping/build/lib
[0.412s] creating /home/abd/rosbot_ws/src/2d_mapping/build/depth_camera_mapping/build/lib/depth_camera_mapping
[0.412s] copying depth_camera_mapping/__init__.py -> /home/abd/rosbot_ws/src/2d_mapping/build/depth_camera_mapping/build/lib/depth_camera_mapping
[0.412s] running install
[0.412s] running install_lib
[0.412s] creating /home/abd/rosbot_ws/src/2d_mapping/install/depth_camera_mapping/lib/python3.10/site-packages/depth_camera_mapping
[0.412s] copying /home/abd/rosbot_ws/src/2d_mapping/build/depth_camera_mapping/build/lib/depth_camera_mapping/__init__.py -> /home/abd/rosbot_ws/src/2d_mapping/install/depth_camera_mapping/lib/python3.10/site-packages/depth_camera_mapping
[0.413s] byte-compiling /home/abd/rosbot_ws/src/2d_mapping/install/depth_camera_mapping/lib/python3.10/site-packages/depth_camera_mapping/__init__.py to __init__.cpython-310.pyc
[0.413s] running install_data
[0.413s] creating /home/abd/rosbot_ws/src/2d_mapping/install/depth_camera_mapping/share/ament_index
[0.413s] creating /home/abd/rosbot_ws/src/2d_mapping/install/depth_camera_mapping/share/ament_index/resource_index
[0.413s] creating /home/abd/rosbot_ws/src/2d_mapping/install/depth_camera_mapping/share/ament_index/resource_index/packages
[0.413s] copying resource/depth_camera_mapping -> /home/abd/rosbot_ws/src/2d_mapping/install/depth_camera_mapping/share/ament_index/resource_index/packages
[0.413s] copying package.xml -> /home/abd/rosbot_ws/src/2d_mapping/install/depth_camera_mapping/share/depth_camera_mapping
[0.413s] running install_egg_info
[0.414s] Copying ../build/depth_camera_mapping/depth_camera_mapping.egg-info to /home/abd/rosbot_ws/src/2d_mapping/install/depth_camera_mapping/lib/python3.10/site-packages/depth_camera_mapping-0.0.0-py3.10.egg-info
[0.414s] running install_scripts
[0.424s] writing list of installed files to '/home/abd/rosbot_ws/src/2d_mapping/build/depth_camera_mapping/install.log'
[0.435s] Invoked command in '/home/abd/rosbot_ws/src/2d_mapping/depth_camera_mapping' returned '0': PYTHONPATH=/home/abd/rosbot_ws/src/2d_mapping/build/depth_camera_mapping/prefix_override:/usr/lib/python3/dist-packages/colcon_core/task/python/colcon_distutils_commands:/home/abd/rosbot_ws/src/2d_mapping/install/depth_camera_mapping/lib/python3.10/site-packages:${PYTHONPATH} /usr/bin/python3 -W ignore:setup.py install is deprecated -W ignore:easy_install command is deprecated setup.py egg_info --egg-base ../build/depth_camera_mapping build --build-base /home/abd/rosbot_ws/src/2d_mapping/build/depth_camera_mapping/build install --record /home/abd/rosbot_ws/src/2d_mapping/build/depth_camera_mapping/install.log --single-version-externally-managed install_data
